<?xml version="1.0" encoding="UTF-8"?>
<!-- Generated by org.testng.reporters.JUnitReportReporter -->
<testsuite hostname="DESKTOP-L7HLOG4" failures="0" tests="4" name="myTestCases" time="0.493" errors="0" timestamp="2024-06-11T04:21:58 AST" skipped="2">
  <testcase classname="myTestCases" name="myfirstTest" time="0.378"/>
  <system-out/>
  <testcase classname="myTestCases" name="findAllElementsThatHasTheTextLabt" time="0.115"/>
  <system-out/>
  <testcase classname="myTestCases" name="addOneItemAndSkipTheNext">
    <skipped/>
  </testcase> <!-- addOneItemAndSkipTheNext -->
  <system-out/>
  <testcase classname="myTestCases" name="addAllItems">
    <skipped/>
  </testcase> <!-- addAllItems -->
  <system-out/>
</testsuite> <!-- myTestCases -->
